[debug] [2018-11-15T08:58:57.185Z] ----------------------------------------------------------------------
[debug] [2018-11-15T08:58:57.188Z] Command:       /usr/local/bin/node /usr/local/bin/firebase deploy --only functions
[debug] [2018-11-15T08:58:57.188Z] CLI Version:   6.1.0
[debug] [2018-11-15T08:58:57.188Z] Platform:      darwin
[debug] [2018-11-15T08:58:57.188Z] Node Version:  v10.11.0
[debug] [2018-11-15T08:58:57.189Z] Time:          Thu Nov 15 2018 08:58:57 GMT+0000 (Greenwich Mean Time)
[debug] [2018-11-15T08:58:57.189Z] ----------------------------------------------------------------------
[debug] 
[debug] [2018-11-15T08:58:57.202Z] > command requires scopes: ["email","openid","https://www.googleapis.com/auth/cloudplatformprojects.readonly","https://www.googleapis.com/auth/firebase","https://www.googleapis.com/auth/cloud-platform"]
[debug] [2018-11-15T08:58:57.203Z] > authorizing via signed-in user
[debug] [2018-11-15T08:58:57.203Z] [iam] checking project awcodeworks for permissions ["cloudfunctions.functions.create","cloudfunctions.functions.delete","cloudfunctions.functions.get","cloudfunctions.functions.list","cloudfunctions.functions.update","cloudfunctions.operations.get","firebase.projects.get"]
[debug] [2018-11-15T08:58:57.209Z] >>> HTTP REQUEST POST https://cloudresourcemanager.googleapis.com/v1/projects/awcodeworks:testIamPermissions  

[debug] [2018-11-15T08:58:58.047Z] <<< HTTP RESPONSE 200
[info] 
[info] === Deploying to 'awcodeworks'...
[info] 
[info] i  deploying functions
[debug] [2018-11-15T08:59:00.662Z] > [functions] package.json contents: {
  "name": "functions",
  "description": "Cloud Functions for Firebase",
  "scripts": {
    "serve": "firebase serve --only functions",
    "shell": "firebase functions:shell",
    "start": "npm run shell",
    "deploy": "firebase deploy --only functions",
    "logs": "firebase functions:log",
    "build": "babel ../cloudFunctions --out-dir ../functions --copy-files --ignore ../cloudFunctions/node_modules"
  },
  "dependencies": {
    "@babel/cli": "^7.1.5",
    "@babel/core": "^7.1.6",
    "@babel/preset-env": "^7.1.6",
    "@babel/runtime": "^7.1.5",
    "axios": "^0.18.0",
    "firebase-admin": "6.1.0",
    "firebase-functions": "^2.1.0"
  },
  "private": true,
  "devDependencies": {
    "@babel/plugin-transform-async-to-generator": "^7.1.0",
    "@babel/plugin-transform-regenerator": "^7.0.0",
    "babel-plugin-syntax-async-functions": "^6.13.0",
    "babel-plugin-transform-regenerator": "^6.1.4",
    "babel-polyfill": "^6.26.0",
    "eslint": "^5.9.0"
  },
  "engines": {
    "node": "8"
  }
}
[info] i  functions: ensuring necessary APIs are enabled...
[debug] [2018-11-15T08:59:00.663Z] >>> HTTP REQUEST GET https://servicemanagement.googleapis.com/v1/services/cloudfunctions.googleapis.com/projectSettings/awcodeworks?view=CONSUMER_VIEW  
 
[debug] [2018-11-15T08:59:00.664Z] >>> HTTP REQUEST GET https://servicemanagement.googleapis.com/v1/services/runtimeconfig.googleapis.com/projectSettings/awcodeworks?view=CONSUMER_VIEW  
 
[debug] [2018-11-15T08:59:01.941Z] <<< HTTP RESPONSE 200
[debug] [2018-11-15T08:59:01.966Z] <<< HTTP RESPONSE 200
[info] ✔  functions: all necessary APIs are enabled
[debug] [2018-11-15T08:59:01.967Z] >>> HTTP REQUEST GET https://cloudresourcemanager.googleapis.com/v1/projects/awcodeworks  
 
[debug] [2018-11-15T08:59:02.728Z] <<< HTTP RESPONSE 200
[debug] [2018-11-15T08:59:02.728Z] >>> HTTP REQUEST GET https://mobilesdk-pa.googleapis.com/v1/projects/1019516795776:getServerAppConfig  
 
[debug] [2018-11-15T08:59:02.907Z] <<< HTTP RESPONSE 200
[info] i  functions: preparing functions directory for uploading...
[debug] [2018-11-15T08:59:02.917Z] >>> HTTP REQUEST GET https://runtimeconfig.googleapis.com/v1beta1/projects/awcodeworks/configs  
 
[debug] [2018-11-15T08:59:03.208Z] <<< HTTP RESPONSE 200
[info] i  functions: packaged functions (67.91 KB) for uploading
[debug] [2018-11-15T08:59:03.479Z] >>> HTTP REQUEST POST https://cloudfunctions.googleapis.com/v1/projects/awcodeworks/locations/us-central1/functions:generateUploadUrl  
 
[debug] [2018-11-15T08:59:03.860Z] <<< HTTP RESPONSE 200
[debug] [2018-11-15T08:59:03.861Z] >>> HTTP REQUEST PUT https://storage.googleapis.com/gcf-upload-us-central1-448743df-170d-416a-b4b5-27336bf64b9d/75073bb1-6352-41ec-a4fd-647d2f58d46a.zip?GoogleAccessId=service-1019516795776@gcf-admin-robot.iam.gserviceaccount.com&Expires=1542274143&Signature=KrTvfossYhaXEXuPuOmuuTQopY%2BR9ECmqEQbJVtU0w2RL5%2Bs5L3rh7mSTpiXfsaxjsbSkmJS6pjlPEw%2B4HT8AyY2iFnOQ4xw0s4r8HxSpWbfZeNXAlxo9B8tgDVVl%2Bv6G%2BpS2%2BK4V5jLuE%2B0%2FXgqLkhILnqeBKLtpD656aSN6%2FMSP04Go4CWnnEc9MKWb4EwSWtD9EBh%2FDEgvsXZLioKGdt1KXJ7hGVD4yf%2BpPlx4Lx96q25o%2B1dNvJkM36qufJ85pbUHKZlr%2FbSOFAP4XP6dX35HWUrTPtd07VyrLHLdgVyqqFTQOp75i%2BrWrZWwqt9WMhp29%2F1KR8p7iHYT5vlZA%3D%3D  

[debug] [2018-11-15T08:59:04.710Z] <<< HTTP RESPONSE 200
[info] ✔  functions: functions folder uploaded successfully
[debug] [2018-11-15T08:59:04.716Z] >>> HTTP REQUEST GET https://cloudfunctions.googleapis.com/v1/projects/awcodeworks/locations/-/functions  
 
[debug] [2018-11-15T08:59:05.237Z] <<< HTTP RESPONSE 200
[info] i  functions: updating Node.js 8 function mediumData(us-central1)...
[debug] [2018-11-15T08:59:05.240Z] Trigger is:  {"httpsTrigger":{}}
[debug] [2018-11-15T08:59:05.243Z] >>> HTTP REQUEST PATCH https://cloudfunctions.googleapis.com/v1/projects/awcodeworks/locations/us-central1/functions/mediumData {"updateMask":"sourceUploadUrl,name,labels,runtime,httpsTrigger"} 

[debug] [2018-11-15T08:59:05.549Z] <<< HTTP RESPONSE 200
[debug] [2018-11-15T08:59:05.552Z] >>> HTTP REQUEST GET https://cloudfunctions.googleapis.com/v1/projects/awcodeworks/locations/-/functions  
 
